This file contains any messages produced by compilers while
running configure, to aid debugging if configure makes a mistake.

It was created by configure, which was
generated by GNU Autoconf 2.59.  Invocation command line was

  $ ./configure --prefix=/usr --libdir=/usr/lib64

## --------- ##
## Platform. ##
## --------- ##

hostname = localhost
uname -m = x86_64
uname -r = 2.6.12-12.mm.2mdk
uname -s = Linux
uname -v = #1 Sun Sep 25 08:00:30 CEST 2005

/usr/bin/uname -p = unknown
/bin/uname -X     = unknown

/bin/arch              = x86_64
/usr/bin/arch -k       = unknown
/usr/convex/getsysinfo = unknown
hostinfo               = unknown
/bin/machine           = unknown
/usr/bin/oslevel       = unknown
/bin/universe          = unknown

PATH: /usr/bin
PATH: /bin
PATH: /usr/bin
PATH: /usr/local/bin
PATH: /usr/X11R6/bin/
PATH: /usr/games
PATH: /home/loki/bin


## ----------- ##
## Core tests. ##
## ----------- ##

configure:1544: checking for a BSD-compatible install
configure:1599: result: /usr/bin/install -c
configure:1610: checking whether build environment is sane
configure:1653: result: yes
configure:1718: checking for gawk
configure:1734: found /usr/bin/gawk
configure:1744: result: gawk
configure:1754: checking whether make sets $(MAKE)
configure:1774: result: yes
configure:2020: checking build system type
configure:2038: result: x86_64-redhat-linux-gnu
configure:2046: checking host system type
configure:2060: result: x86_64-redhat-linux-gnu
configure:2080: checking for style of include used by make
configure:2108: result: GNU
configure:2179: checking for gcc
configure:2195: found /usr/bin/gcc
configure:2205: result: gcc
configure:2449: checking for C compiler version
configure:2452: gcc --version </dev/null >&5
gcc (GCC) 4.0.1 (4.0.1-5mdk for Mandriva Linux release 2006.0)
Copyright (C) 2005 Free Software Foundation, Inc.
This is free software; see the source for copying conditions.  There is NO
warranty; not even for MERCHANTABILITY or FITNESS FOR A PARTICULAR PURPOSE.

configure:2455: $? = 0
configure:2457: gcc -v </dev/null >&5
Using built-in specs.
Target: x86_64-mandriva-linux-gnu
Configured with: ../configure --prefix=/usr --libexecdir=/usr/lib --with-slibdir=/lib64 --mandir=/usr/share/man --infodir=/usr/share/info --enable-shared --enable-threads=posix --disable-checking --enable-languages=c,c++,ada,f95,objc,java --host=x86_64-mandriva-linux-gnu --with-system-zlib --enable-long-long --enable-__cxa_atexit --enable-clocale=gnu --disable-libunwind-exceptions --enable-java-awt=gtk --with-java-home=/usr/lib/jvm/java-1.4.2-gcj-1.4.2.0/jre --enable-gtk-cairo --disable-libjava-multilib
Thread model: posix
gcc version 4.0.1 (4.0.1-5mdk for Mandriva Linux release 2006.0)
configure:2460: $? = 0
configure:2462: gcc -V </dev/null >&5
gcc: '-V' option must have argument
configure:2465: $? = 1
configure:2488: checking for C compiler default output file name
configure:2491: gcc -march=athlon64 -mtune=athlon64 -msse2 -mfpmath=sse -O3 -ftree-vectorize   conftest.c  >&5
configure:2494: $? = 0
configure:2540: result: a.out
configure:2545: checking whether the C compiler works
configure:2551: ./a.out
configure:2554: $? = 0
configure:2571: result: yes
configure:2578: checking whether we are cross compiling
configure:2580: result: no
configure:2583: checking for suffix of executables
configure:2585: gcc -o conftest -march=athlon64 -mtune=athlon64 -msse2 -mfpmath=sse -O3 -ftree-vectorize   conftest.c  >&5
configure:2588: $? = 0
configure:2613: result: 
configure:2619: checking for suffix of object files
configure:2640: gcc -c -march=athlon64 -mtune=athlon64 -msse2 -mfpmath=sse -O3 -ftree-vectorize  conftest.c >&5
configure:2643: $? = 0
configure:2665: result: o
configure:2669: checking whether we are using the GNU C compiler
configure:2693: gcc -c -march=athlon64 -mtune=athlon64 -msse2 -mfpmath=sse -O3 -ftree-vectorize  conftest.c >&5
configure:2699: $? = 0
configure:2703: test -z 
			 || test ! -s conftest.err
configure:2706: $? = 0
configure:2709: test -s conftest.o
configure:2712: $? = 0
configure:2725: result: yes
configure:2731: checking whether gcc accepts -g
configure:2752: gcc -c -g  conftest.c >&5
configure:2758: $? = 0
configure:2762: test -z 
			 || test ! -s conftest.err
configure:2765: $? = 0
configure:2768: test -s conftest.o
configure:2771: $? = 0
configure:2782: result: yes
configure:2799: checking for gcc option to accept ANSI C
configure:2869: gcc  -c -march=athlon64 -mtune=athlon64 -msse2 -mfpmath=sse -O3 -ftree-vectorize  conftest.c >&5
configure:2875: $? = 0
configure:2879: test -z 
			 || test ! -s conftest.err
configure:2882: $? = 0
configure:2885: test -s conftest.o
configure:2888: $? = 0
configure:2906: result: none needed
configure:2924: gcc -c -march=athlon64 -mtune=athlon64 -msse2 -mfpmath=sse -O3 -ftree-vectorize  conftest.c >&5
conftest.c:2: error: syntax error before 'me'
configure:2930: $? = 1
configure: failed program was:
| #ifndef __cplusplus
|   choke me
| #endif
configure:3065: checking dependency style of gcc
configure:3155: result: gcc3
configure:3172: checking for a sed that does not truncate output
configure:3226: result: /bin/sed
configure:3229: checking for egrep
configure:3239: result: grep -E
configure:3255: checking for ld used by gcc
configure:3322: result: /usr/bin/ld
configure:3331: checking if the linker (/usr/bin/ld) is GNU ld
configure:3346: result: yes
configure:3351: checking for /usr/bin/ld option to reload object files
configure:3358: result: -r
configure:3367: checking for BSD-compatible nm
configure:3409: result: /usr/bin/nm -B
configure:3413: checking whether ln -s works
configure:3417: result: yes
configure:3424: checking how to recognise dependent libraries
configure:3607: result: pass_all
configure:3692: gcc -c -march=athlon64 -mtune=athlon64 -msse2 -mfpmath=sse -O3 -ftree-vectorize  conftest.c >&5
configure:3695: $? = 0
configure:3821: checking how to run the C preprocessor
configure:3856: gcc -E  conftest.c
configure:3862: $? = 0
configure:3894: gcc -E  conftest.c
conftest.c:11:28: error: ac_nonexistent.h: No such file or directory
configure:3900: $? = 1
configure: failed program was:
| /* confdefs.h.  */
| 
| #define PACKAGE_NAME ""
| #define PACKAGE_TARNAME ""
| #define PACKAGE_VERSION ""
| #define PACKAGE_STRING ""
| #define PACKAGE_BUGREPORT ""
| #define PACKAGE "phat"
| #define VERSION "0.3.1"
| /* end confdefs.h.  */
| #include <ac_nonexistent.h>
configure:3939: result: gcc -E
configure:3963: gcc -E  conftest.c
configure:3969: $? = 0
configure:4001: gcc -E  conftest.c
conftest.c:11:28: error: ac_nonexistent.h: No such file or directory
configure:4007: $? = 1
configure: failed program was:
| /* confdefs.h.  */
| 
| #define PACKAGE_NAME ""
| #define PACKAGE_TARNAME ""
| #define PACKAGE_VERSION ""
| #define PACKAGE_STRING ""
| #define PACKAGE_BUGREPORT ""
| #define PACKAGE "phat"
| #define VERSION "0.3.1"
| /* end confdefs.h.  */
| #include <ac_nonexistent.h>
configure:4051: checking for ANSI C header files
configure:4076: gcc -c -march=athlon64 -mtune=athlon64 -msse2 -mfpmath=sse -O3 -ftree-vectorize  conftest.c >&5
configure:4082: $? = 0
configure:4086: test -z 
			 || test ! -s conftest.err
configure:4089: $? = 0
configure:4092: test -s conftest.o
configure:4095: $? = 0
configure:4184: gcc -o conftest -march=athlon64 -mtune=athlon64 -msse2 -mfpmath=sse -O3 -ftree-vectorize   conftest.c  >&5
conftest.c: In function 'main':
conftest.c:28: warning: incompatible implicit declaration of built-in function 'exit'
configure:4187: $? = 0
configure:4189: ./conftest
configure:4192: $? = 0
configure:4207: result: yes
configure:4231: checking for sys/types.h
configure:4247: gcc -c -march=athlon64 -mtune=athlon64 -msse2 -mfpmath=sse -O3 -ftree-vectorize  conftest.c >&5
configure:4253: $? = 0
configure:4257: test -z 
			 || test ! -s conftest.err
configure:4260: $? = 0
configure:4263: test -s conftest.o
configure:4266: $? = 0
configure:4277: result: yes
configure:4231: checking for sys/stat.h
configure:4247: gcc -c -march=athlon64 -mtune=athlon64 -msse2 -mfpmath=sse -O3 -ftree-vectorize  conftest.c >&5
configure:4253: $? = 0
configure:4257: test -z 
			 || test ! -s conftest.err
configure:4260: $? = 0
configure:4263: test -s conftest.o
configure:4266: $? = 0
configure:4277: result: yes
configure:4231: checking for stdlib.h
configure:4247: gcc -c -march=athlon64 -mtune=athlon64 -msse2 -mfpmath=sse -O3 -ftree-vectorize  conftest.c >&5
configure:4253: $? = 0
configure:4257: test -z 
			 || test ! -s conftest.err
configure:4260: $? = 0
configure:4263: test -s conftest.o
configure:4266: $? = 0
configure:4277: result: yes
configure:4231: checking for string.h
configure:4247: gcc -c -march=athlon64 -mtune=athlon64 -msse2 -mfpmath=sse -O3 -ftree-vectorize  conftest.c >&5
configure:4253: $? = 0
configure:4257: test -z 
			 || test ! -s conftest.err
configure:4260: $? = 0
configure:4263: test -s conftest.o
configure:4266: $? = 0
configure:4277: result: yes
configure:4231: checking for memory.h
configure:4247: gcc -c -march=athlon64 -mtune=athlon64 -msse2 -mfpmath=sse -O3 -ftree-vectorize  conftest.c >&5
configure:4253: $? = 0
configure:4257: test -z 
			 || test ! -s conftest.err
configure:4260: $? = 0
configure:4263: test -s conftest.o
configure:4266: $? = 0
configure:4277: result: yes
configure:4231: checking for strings.h
configure:4247: gcc -c -march=athlon64 -mtune=athlon64 -msse2 -mfpmath=sse -O3 -ftree-vectorize  conftest.c >&5
configure:4253: $? = 0
configure:4257: test -z 
			 || test ! -s conftest.err
configure:4260: $? = 0
configure:4263: test -s conftest.o
configure:4266: $? = 0
configure:4277: result: yes
configure:4231: checking for inttypes.h
configure:4247: gcc -c -march=athlon64 -mtune=athlon64 -msse2 -mfpmath=sse -O3 -ftree-vectorize  conftest.c >&5
configure:4253: $? = 0
configure:4257: test -z 
			 || test ! -s conftest.err
configure:4260: $? = 0
configure:4263: test -s conftest.o
configure:4266: $? = 0
configure:4277: result: yes
configure:4231: checking for stdint.h
configure:4247: gcc -c -march=athlon64 -mtune=athlon64 -msse2 -mfpmath=sse -O3 -ftree-vectorize  conftest.c >&5
configure:4253: $? = 0
configure:4257: test -z 
			 || test ! -s conftest.err
configure:4260: $? = 0
configure:4263: test -s conftest.o
configure:4266: $? = 0
configure:4277: result: yes
configure:4231: checking for unistd.h
configure:4247: gcc -c -march=athlon64 -mtune=athlon64 -msse2 -mfpmath=sse -O3 -ftree-vectorize  conftest.c >&5
configure:4253: $? = 0
configure:4257: test -z 
			 || test ! -s conftest.err
configure:4260: $? = 0
configure:4263: test -s conftest.o
configure:4266: $? = 0
configure:4277: result: yes
configure:4303: checking dlfcn.h usability
configure:4315: gcc -c -march=athlon64 -mtune=athlon64 -msse2 -mfpmath=sse -O3 -ftree-vectorize  conftest.c >&5
configure:4321: $? = 0
configure:4325: test -z 
			 || test ! -s conftest.err
configure:4328: $? = 0
configure:4331: test -s conftest.o
configure:4334: $? = 0
configure:4344: result: yes
configure:4348: checking dlfcn.h presence
configure:4358: gcc -E  conftest.c
configure:4364: $? = 0
configure:4384: result: yes
configure:4419: checking for dlfcn.h
configure:4426: result: yes
configure:4491: checking for g++
configure:4507: found /usr/bin/g++
configure:4517: result: g++
configure:4533: checking for C++ compiler version
configure:4536: g++ --version </dev/null >&5
g++ (GCC) 4.0.1 (4.0.1-5mdk for Mandriva Linux release 2006.0)
Copyright (C) 2005 Free Software Foundation, Inc.
This is free software; see the source for copying conditions.  There is NO
warranty; not even for MERCHANTABILITY or FITNESS FOR A PARTICULAR PURPOSE.

configure:4539: $? = 0
configure:4541: g++ -v </dev/null >&5
Using built-in specs.
Target: x86_64-mandriva-linux-gnu
Configured with: ../configure --prefix=/usr --libexecdir=/usr/lib --with-slibdir=/lib64 --mandir=/usr/share/man --infodir=/usr/share/info --enable-shared --enable-threads=posix --disable-checking --enable-languages=c,c++,ada,f95,objc,java --host=x86_64-mandriva-linux-gnu --with-system-zlib --enable-long-long --enable-__cxa_atexit --enable-clocale=gnu --disable-libunwind-exceptions --enable-java-awt=gtk --with-java-home=/usr/lib/jvm/java-1.4.2-gcj-1.4.2.0/jre --enable-gtk-cairo --disable-libjava-multilib
Thread model: posix
gcc version 4.0.1 (4.0.1-5mdk for Mandriva Linux release 2006.0)
configure:4544: $? = 0
configure:4546: g++ -V </dev/null >&5
g++: '-V' option must have argument
configure:4549: $? = 1
configure:4552: checking whether we are using the GNU C++ compiler
configure:4576: g++ -c -march=athlon64 -mtune=athlon64 -msse2 -mfpmath=sse -O3 -ftree-vectorize  conftest.cc >&5
configure:4582: $? = 0
configure:4586: test -z 
			 || test ! -s conftest.err
configure:4589: $? = 0
configure:4592: test -s conftest.o
configure:4595: $? = 0
configure:4608: result: yes
configure:4614: checking whether g++ accepts -g
configure:4635: g++ -c -g  conftest.cc >&5
configure:4641: $? = 0
configure:4645: test -z 
			 || test ! -s conftest.err
configure:4648: $? = 0
configure:4651: test -s conftest.o
configure:4654: $? = 0
configure:4665: result: yes
configure:4707: g++ -c -march=athlon64 -mtune=athlon64 -msse2 -mfpmath=sse -O3 -ftree-vectorize  conftest.cc >&5
configure:4713: $? = 0
configure:4717: test -z 
			 || test ! -s conftest.err
configure:4720: $? = 0
configure:4723: test -s conftest.o
configure:4726: $? = 0
configure:4752: g++ -c -march=athlon64 -mtune=athlon64 -msse2 -mfpmath=sse -O3 -ftree-vectorize  conftest.cc >&5
conftest.cc: In function 'int main()':
conftest.cc:26: error: 'exit' was not declared in this scope
configure:4758: $? = 1
configure: failed program was:
| /* confdefs.h.  */
| 
| #define PACKAGE_NAME ""
| #define PACKAGE_TARNAME ""
| #define PACKAGE_VERSION ""
| #define PACKAGE_STRING ""
| #define PACKAGE_BUGREPORT ""
| #define PACKAGE "phat"
| #define VERSION "0.3.1"
| #define STDC_HEADERS 1
| #define HAVE_SYS_TYPES_H 1
| #define HAVE_SYS_STAT_H 1
| #define HAVE_STDLIB_H 1
| #define HAVE_STRING_H 1
| #define HAVE_MEMORY_H 1
| #define HAVE_STRINGS_H 1
| #define HAVE_INTTYPES_H 1
| #define HAVE_STDINT_H 1
| #define HAVE_UNISTD_H 1
| #define HAVE_DLFCN_H 1
| /* end confdefs.h.  */
| 
| int
| main ()
| {
| exit (42);
|   ;
|   return 0;
| }
configure:4707: g++ -c -march=athlon64 -mtune=athlon64 -msse2 -mfpmath=sse -O3 -ftree-vectorize  conftest.cc >&5
configure:4713: $? = 0
configure:4717: test -z 
			 || test ! -s conftest.err
configure:4720: $? = 0
configure:4723: test -s conftest.o
configure:4726: $? = 0
configure:4752: g++ -c -march=athlon64 -mtune=athlon64 -msse2 -mfpmath=sse -O3 -ftree-vectorize  conftest.cc >&5
configure:4758: $? = 0
configure:4762: test -z 
			 || test ! -s conftest.err
configure:4765: $? = 0
configure:4768: test -s conftest.o
configure:4771: $? = 0
configure:4796: checking dependency style of g++
configure:4886: result: gcc3
configure:4908: checking how to run the C++ preprocessor
configure:4939: g++ -E  conftest.cc
configure:4945: $? = 0
configure:4977: g++ -E  conftest.cc
conftest.cc:25:28: error: ac_nonexistent.h: No such file or directory
configure:4983: $? = 1
configure: failed program was:
| /* confdefs.h.  */
| 
| #define PACKAGE_NAME ""
| #define PACKAGE_TARNAME ""
| #define PACKAGE_VERSION ""
| #define PACKAGE_STRING ""
| #define PACKAGE_BUGREPORT ""
| #define PACKAGE "phat"
| #define VERSION "0.3.1"
| #define STDC_HEADERS 1
| #define HAVE_SYS_TYPES_H 1
| #define HAVE_SYS_STAT_H 1
| #define HAVE_STDLIB_H 1
| #define HAVE_STRING_H 1
| #define HAVE_MEMORY_H 1
| #define HAVE_STRINGS_H 1
| #define HAVE_INTTYPES_H 1
| #define HAVE_STDINT_H 1
| #define HAVE_UNISTD_H 1
| #define HAVE_DLFCN_H 1
| #ifdef __cplusplus
| extern "C" void std::exit (int) throw (); using std::exit;
| #endif
| /* end confdefs.h.  */
| #include <ac_nonexistent.h>
configure:5022: result: g++ -E
configure:5046: g++ -E  conftest.cc
configure:5052: $? = 0
configure:5084: g++ -E  conftest.cc
conftest.cc:25:28: error: ac_nonexistent.h: No such file or directory
configure:5090: $? = 1
configure: failed program was:
| /* confdefs.h.  */
| 
| #define PACKAGE_NAME ""
| #define PACKAGE_TARNAME ""
| #define PACKAGE_VERSION ""
| #define PACKAGE_STRING ""
| #define PACKAGE_BUGREPORT ""
| #define PACKAGE "phat"
| #define VERSION "0.3.1"
| #define STDC_HEADERS 1
| #define HAVE_SYS_TYPES_H 1
| #define HAVE_SYS_STAT_H 1
| #define HAVE_STDLIB_H 1
| #define HAVE_STRING_H 1
| #define HAVE_MEMORY_H 1
| #define HAVE_STRINGS_H 1
| #define HAVE_INTTYPES_H 1
| #define HAVE_STDINT_H 1
| #define HAVE_UNISTD_H 1
| #define HAVE_DLFCN_H 1
| #ifdef __cplusplus
| extern "C" void std::exit (int) throw (); using std::exit;
| #endif
| /* end confdefs.h.  */
| #include <ac_nonexistent.h>
configure:5185: checking for g77
configure:5214: result: no
configure:5185: checking for f77
configure:5214: result: no
configure:5185: checking for xlf
configure:5214: result: no
configure:5185: checking for frt
configure:5214: result: no
configure:5185: checking for pgf77
configure:5214: result: no
configure:5185: checking for fort77
configure:5214: result: no
configure:5185: checking for fl32
configure:5214: result: no
configure:5185: checking for af77
configure:5214: result: no
configure:5185: checking for f90
configure:5214: result: no
configure:5185: checking for xlf90
configure:5214: result: no
configure:5185: checking for pgf90
configure:5214: result: no
configure:5185: checking for epcf90
configure:5214: result: no
configure:5185: checking for f95
configure:5214: result: no
configure:5185: checking for fort
configure:5214: result: no
configure:5185: checking for xlf95
configure:5214: result: no
configure:5185: checking for ifc
configure:5214: result: no
configure:5185: checking for efc
configure:5214: result: no
configure:5185: checking for pgf95
configure:5214: result: no
configure:5185: checking for lf95
configure:5214: result: no
configure:5185: checking for gfortran
configure:5214: result: no
configure:5226: checking for Fortran 77 compiler version
configure:5229:  --version </dev/null >&5
./configure: line 5230: --version: command not found
configure:5232: $? = 127
configure:5234:  -v </dev/null >&5
./configure: line 5235: -v: command not found
configure:5237: $? = 127
configure:5239:  -V </dev/null >&5
./configure: line 5240: -V: command not found
configure:5242: $? = 127
configure:5250: checking whether we are using the GNU Fortran 77 compiler
configure:5264:  -c  conftest.F >&5
./configure: line 5265: -c: command not found
configure:5270: $? = 127
configure: failed program was:
|       program main
| #ifndef __GNUC__
|        choke me
| #endif
| 
|       end
configure:5296: result: no
configure:5302: checking whether  accepts -g
configure:5314:  -c -g conftest.f >&5
./configure: line 5315: -c: command not found
configure:5320: $? = 127
configure: failed program was:
|       program main
| 
|       end
configure:5345: result: no
configure:5375: checking the maximum length of command line arguments
configure:5440: result: 32768
configure:5451: checking command to parse /usr/bin/nm -B output from gcc object
configure:5540: gcc -c -march=athlon64 -mtune=athlon64 -msse2 -mfpmath=sse -O3 -ftree-vectorize  conftest.c >&5
configure:5543: $? = 0
configure:5547: /usr/bin/nm -B conftest.o \| sed -n -e 's/^.*[ 	]\([ABCDGIRSTW][ABCDGIRSTW]*\)[ 	][ 	]*\(\)\([_A-Za-z][_A-Za-z0-9]*\)$/\1 \2\3 \3/p' \> conftest.nm
configure:5550: $? = 0
configure:5602: gcc -o conftest -march=athlon64 -mtune=athlon64 -msse2 -mfpmath=sse -O3 -ftree-vectorize   conftest.c conftstm.o >&5
configure:5605: $? = 0
configure:5643: result: ok
configure:5647: checking for objdir
configure:5662: result: .libs
configure:5752: checking for ar
configure:5768: found /usr/bin/ar
configure:5779: result: ar
configure:5832: checking for ranlib
configure:5848: found /usr/bin/ranlib
configure:5859: result: ranlib
configure:5912: checking for strip
configure:5928: found /usr/bin/strip
configure:5939: result: strip
configure:6201: checking if gcc static flag  works
configure:6224: result: yes
configure:6242: checking if gcc supports -fno-rtti -fno-exceptions
configure:6260: gcc -c -march=athlon64 -mtune=athlon64 -msse2 -mfpmath=sse -O3 -ftree-vectorize  -fno-rtti -fno-exceptions conftest.c >&5
cc1: warning: command line option "-fno-rtti" is valid for C++/ObjC++ but not for C
configure:6264: $? = 0
configure:6275: result: no
configure:6290: checking for gcc option to produce PIC
configure:6467: result: -fPIC
configure:6475: checking if gcc PIC flag -fPIC works
configure:6493: gcc -c -march=athlon64 -mtune=athlon64 -msse2 -mfpmath=sse -O3 -ftree-vectorize  -fPIC -DPIC conftest.c >&5
configure:6497: $? = 0
configure:6508: result: yes
configure:6532: checking if gcc supports -c -o file.o
configure:6553: gcc -c -march=athlon64 -mtune=athlon64 -msse2 -mfpmath=sse -O3 -ftree-vectorize  -o out/conftest2.o conftest.c >&5
configure:6557: $? = 0
configure:6577: result: yes
configure:6603: checking whether the gcc linker (/usr/bin/ld -m elf_x86_64) supports shared libraries
configure:7451: result: yes
configure:7477: checking whether -lc should be explicitly linked in
configure:7482: gcc -c -march=athlon64 -mtune=athlon64 -msse2 -mfpmath=sse -O3 -ftree-vectorize  conftest.c >&5
configure:7485: $? = 0
configure:7499: gcc -shared conftest.o  -v -Wl,-soname -Wl,conftest -o conftest 2\>\&1 \| grep  -lc  \>/dev/null 2\>\&1
configure:7502: $? = 0
configure:7514: result: no
configure:7522: checking dynamic linker characteristics
configure:7888: gcc -c -march=athlon64 -mtune=athlon64 -msse2 -mfpmath=sse -O3 -ftree-vectorize  conftest.c >&5
configure:7891: $? = 0
configure:8083: result: GNU/Linux ld.so
configure:8087: checking how to hardcode library paths into programs
configure:8112: result: immediate
configure:8126: checking whether stripping libraries is possible
configure:8131: result: yes
configure:8961: checking if libtool supports shared libraries
configure:8963: result: yes
configure:8966: checking whether to build shared libraries
configure:9024: result: yes
configure:9027: checking whether to build static libraries
configure:9031: result: yes
configure:9123: creating libtool
configure:9670: checking for ld used by g++
configure:9737: result: /usr/bin/ld -m elf_x86_64
configure:9746: checking if the linker (/usr/bin/ld -m elf_x86_64) is GNU ld
configure:9761: result: yes
configure:9812: checking whether the g++ linker (/usr/bin/ld -m elf_x86_64) supports shared libraries
configure:10640: result: yes
configure:10658: g++ -c -march=athlon64 -mtune=athlon64 -msse2 -mfpmath=sse -O3 -ftree-vectorize  conftest.cc >&5
configure:10661: $? = 0
configure:10757: checking for g++ option to produce PIC
configure:11009: result: -fPIC
configure:11017: checking if g++ PIC flag -fPIC works
configure:11035: g++ -c -march=athlon64 -mtune=athlon64 -msse2 -mfpmath=sse -O3 -ftree-vectorize  -fPIC -DPIC conftest.cc >&5
configure:11039: $? = 0
configure:11050: result: yes
configure:11074: checking if g++ supports -c -o file.o
configure:11095: g++ -c -march=athlon64 -mtune=athlon64 -msse2 -mfpmath=sse -O3 -ftree-vectorize  -o out/conftest2.o conftest.cc >&5
configure:11099: $? = 0
configure:11119: result: yes
configure:11145: checking whether the g++ linker (/usr/bin/ld -m elf_x86_64) supports shared libraries
configure:11170: result: yes
configure:11241: checking dynamic linker characteristics
configure:11607: g++ -c -march=athlon64 -mtune=athlon64 -msse2 -mfpmath=sse -O3 -ftree-vectorize  conftest.cc >&5
configure:11610: $? = 0
configure:11802: result: GNU/Linux ld.so
configure:11806: checking how to hardcode library paths into programs
configure:11831: result: immediate
configure:11845: checking whether stripping libraries is possible
configure:11850: result: yes
configure:19198: checking for gcc
configure:19224: result: gcc
configure:19468: checking for C compiler version
configure:19471: gcc --version </dev/null >&5
gcc (GCC) 4.0.1 (4.0.1-5mdk for Mandriva Linux release 2006.0)
Copyright (C) 2005 Free Software Foundation, Inc.
This is free software; see the source for copying conditions.  There is NO
warranty; not even for MERCHANTABILITY or FITNESS FOR A PARTICULAR PURPOSE.

configure:19474: $? = 0
configure:19476: gcc -v </dev/null >&5
Using built-in specs.
Target: x86_64-mandriva-linux-gnu
Configured with: ../configure --prefix=/usr --libexecdir=/usr/lib --with-slibdir=/lib64 --mandir=/usr/share/man --infodir=/usr/share/info --enable-shared --enable-threads=posix --disable-checking --enable-languages=c,c++,ada,f95,objc,java --host=x86_64-mandriva-linux-gnu --with-system-zlib --enable-long-long --enable-__cxa_atexit --enable-clocale=gnu --disable-libunwind-exceptions --enable-java-awt=gtk --with-java-home=/usr/lib/jvm/java-1.4.2-gcj-1.4.2.0/jre --enable-gtk-cairo --disable-libjava-multilib
Thread model: posix
gcc version 4.0.1 (4.0.1-5mdk for Mandriva Linux release 2006.0)
configure:19479: $? = 0
configure:19481: gcc -V </dev/null >&5
gcc: '-V' option must have argument
configure:19484: $? = 1
configure:19487: checking whether we are using the GNU C compiler
configure:19543: result: yes
configure:19549: checking whether gcc accepts -g
configure:19600: result: yes
configure:19617: checking for gcc option to accept ANSI C
configure:19724: result: none needed
configure:19742: gcc -c -O3  conftest.c >&5
conftest.c:2: error: syntax error before 'me'
configure:19748: $? = 1
configure: failed program was:
| #ifndef __cplusplus
|   choke me
| #endif
configure:19883: checking dependency style of gcc
configure:19973: result: gcc3
configure:19995: checking how to run the C preprocessor
configure:20113: result: gcc -E
configure:20137: gcc -E  conftest.c
configure:20143: $? = 0
configure:20175: gcc -E  conftest.c
conftest.c:26:28: error: ac_nonexistent.h: No such file or directory
configure:20181: $? = 1
configure: failed program was:
| /* confdefs.h.  */
| 
| #define PACKAGE_NAME ""
| #define PACKAGE_TARNAME ""
| #define PACKAGE_VERSION ""
| #define PACKAGE_STRING ""
| #define PACKAGE_BUGREPORT ""
| #define PACKAGE "phat"
| #define VERSION "0.3.1"
| #define STDC_HEADERS 1
| #define HAVE_SYS_TYPES_H 1
| #define HAVE_SYS_STAT_H 1
| #define HAVE_STDLIB_H 1
| #define HAVE_STRING_H 1
| #define HAVE_MEMORY_H 1
| #define HAVE_STRINGS_H 1
| #define HAVE_INTTYPES_H 1
| #define HAVE_STDINT_H 1
| #define HAVE_UNISTD_H 1
| #define HAVE_DLFCN_H 1
| #ifdef __cplusplus
| extern "C" void std::exit (int) throw (); using std::exit;
| #endif
| #define DEBUG 0
| /* end confdefs.h.  */
| #include <ac_nonexistent.h>
configure:20235: checking for pkg-config
configure:20253: found /usr/bin/pkg-config
configure:20266: result: /usr/bin/pkg-config
configure:20283: checking for gtk+-2.0 >= 2.4.0
configure:20287: result: yes
configure:20291: checking GTK_CFLAGS
configure:20294: result: -I/usr/include/gtk-2.0 -I/usr/lib64/gtk-2.0/include -I/usr/include/atk-1.0 -I/usr/include/cairo -I/usr/include/pango-1.0 -I/usr/include/glib-2.0 -I/usr/lib64/glib-2.0/include  
configure:20297: checking GTK_LIBS
configure:20300: result: -L/usr/X11R6/lib64 -lgtk-x11-2.0 -lgdk-x11-2.0 -latk-1.0 -lgdk_pixbuf-2.0 -lpangocairo-1.0 -lpango-1.0 -lcairo -lgobject-2.0 -lgmodule-2.0 -ldl -lglib-2.0 -lfreetype -lfontconfig -lXrender -lX11 -lXext -lpng12 -lz -lm  
configure:20453: checking gtk-doc version >= 1.0
configure:20456: result: yes
configure:20548: checking for libgnomecanvas-2.0
configure:20552: result: yes
configure:20556: checking MISC_CFLAGS
configure:20559: result: -I/usr/include/libgnomecanvas-2.0 -I/usr/include/libart-2.0 -I/usr/include/pango-1.0 -I/usr/include/freetype2 -I/usr/include/gtk-2.0 -I/usr/include/glib-2.0 -I/usr/lib64/glib-2.0/include -I/usr/lib64/gtk-2.0/include -I/usr/include/atk-1.0 -I/usr/include/cairo  
configure:20562: checking MISC_LIBS
configure:20565: result: -L/usr/X11R6/lib64 -lgnomecanvas-2 -lart_lgpl_2 -lpangoft2-1.0 -lgtk-x11-2.0 -lgdk-x11-2.0 -latk-1.0 -lgdk_pixbuf-2.0 -lpangocairo-1.0 -lpango-1.0 -lcairo -lgobject-2.0 -lgmodule-2.0 -ldl -lglib-2.0 -lfreetype -lfontconfig -lXrender -lX11 -lXext -lpng12 -lz -lm  
configure:20734: creating ./config.status

## ---------------------- ##
## Running config.status. ##
## ---------------------- ##

This file was extended by config.status, which was
generated by GNU Autoconf 2.59.  Invocation command line was

  CONFIG_FILES    = 
  CONFIG_HEADERS  = 
  CONFIG_LINKS    = 
  CONFIG_COMMANDS = 
  $ ./config.status 

on localhost

config.status:728: creating Makefile
config.status:728: creating phat/Makefile
config.status:728: creating demos/Makefile
config.status:728: creating docs/Makefile
config.status:728: creating phat.pc
config.status:728: creating phat.spec
config.status:832: creating phat/config.h
config.status:944: phat/config.h is unchanged
config.status:1124: executing depfiles commands

## ---------------- ##
## Cache variables. ##
## ---------------- ##

ac_cv_build=x86_64-redhat-linux-gnu
ac_cv_build_alias=x86_64-redhat-linux-gnu
ac_cv_c_compiler_gnu=yes
ac_cv_cxx_compiler_gnu=yes
ac_cv_env_CC_set=
ac_cv_env_CC_value=
ac_cv_env_CFLAGS_set=set
ac_cv_env_CFLAGS_value='-march=athlon64 -mtune=athlon64 -msse2 -mfpmath=sse -O3 -ftree-vectorize'
ac_cv_env_CPPFLAGS_set=
ac_cv_env_CPPFLAGS_value=
ac_cv_env_CPP_set=
ac_cv_env_CPP_value=
ac_cv_env_CXXCPP_set=
ac_cv_env_CXXCPP_value=
ac_cv_env_CXXFLAGS_set=set
ac_cv_env_CXXFLAGS_value='-march=athlon64 -mtune=athlon64 -msse2 -mfpmath=sse -O3 -ftree-vectorize'
ac_cv_env_CXX_set=
ac_cv_env_CXX_value=
ac_cv_env_F77_set=
ac_cv_env_F77_value=
ac_cv_env_FFLAGS_set=
ac_cv_env_FFLAGS_value=
ac_cv_env_LDFLAGS_set=
ac_cv_env_LDFLAGS_value=
ac_cv_env_build_alias_set=
ac_cv_env_build_alias_value=
ac_cv_env_host_alias_set=
ac_cv_env_host_alias_value=
ac_cv_env_target_alias_set=
ac_cv_env_target_alias_value=
ac_cv_exeext=
ac_cv_f77_compiler_gnu=no
ac_cv_header_dlfcn_h=yes
ac_cv_header_inttypes_h=yes
ac_cv_header_memory_h=yes
ac_cv_header_stdc=yes
ac_cv_header_stdint_h=yes
ac_cv_header_stdlib_h=yes
ac_cv_header_string_h=yes
ac_cv_header_strings_h=yes
ac_cv_header_sys_stat_h=yes
ac_cv_header_sys_types_h=yes
ac_cv_header_unistd_h=yes
ac_cv_host=x86_64-redhat-linux-gnu
ac_cv_host_alias=x86_64-redhat-linux-gnu
ac_cv_objext=o
ac_cv_path_PKG_CONFIG=/usr/bin/pkg-config
ac_cv_path_install='/usr/bin/install -c'
ac_cv_prog_AWK=gawk
ac_cv_prog_CPP='gcc -E'
ac_cv_prog_CXXCPP='g++ -E'
ac_cv_prog_ac_ct_AR=ar
ac_cv_prog_ac_ct_CC=gcc
ac_cv_prog_ac_ct_CXX=g++
ac_cv_prog_ac_ct_RANLIB=ranlib
ac_cv_prog_ac_ct_STRIP=strip
ac_cv_prog_cc_g=yes
ac_cv_prog_cc_stdc=
ac_cv_prog_cxx_g=yes
ac_cv_prog_egrep='grep -E'
ac_cv_prog_f77_g=no
ac_cv_prog_make_make_set=yes
am_cv_CC_dependencies_compiler_type=gcc3
am_cv_CXX_dependencies_compiler_type=gcc3
lt_cv_deplibs_check_method=pass_all
lt_cv_file_magic_cmd='$MAGIC_CMD'
lt_cv_file_magic_test_file='/lib/libc.so.6 /lib/libc-2.3.5.so'
lt_cv_ld_reload_flag=-r
lt_cv_objdir=.libs
lt_cv_path_LD=/usr/bin/ld
lt_cv_path_LDCXX='/usr/bin/ld -m elf_x86_64'
lt_cv_path_NM='/usr/bin/nm -B'
lt_cv_path_SED=/bin/sed
lt_cv_prog_compiler_c_o=yes
lt_cv_prog_compiler_c_o_CXX=yes
lt_cv_prog_compiler_rtti_exceptions=no
lt_cv_prog_gnu_ld=yes
lt_cv_prog_gnu_ldcxx=yes
lt_cv_sys_global_symbol_pipe='sed -n -e '\''s/^.*[ 	]\([ABCDGIRSTW][ABCDGIRSTW]*\)[ 	][ 	]*\(\)\([_A-Za-z][_A-Za-z0-9]*\)$/\1 \2\3 \3/p'\'''
lt_cv_sys_global_symbol_to_c_name_address='sed -n -e '\''s/^: \([^ ]*\) $/  {\"\1\", (lt_ptr) 0},/p'\'' -e '\''s/^[BCDEGRST] \([^ ]*\) \([^ ]*\)$/  {"\2", (lt_ptr) \&\2},/p'\'''
lt_cv_sys_global_symbol_to_cdecl='sed -n -e '\''s/^. .* \(.*\)$/extern int \1;/p'\'''
lt_cv_sys_max_cmd_len=32768
lt_lt_cv_prog_compiler_c_o='"yes"'
lt_lt_cv_prog_compiler_c_o_CXX='"yes"'
lt_lt_cv_sys_global_symbol_pipe='"sed -n -e '\''s/^.*[ 	]\\([ABCDGIRSTW][ABCDGIRSTW]*\\)[ 	][ 	]*\\(\\)\\([_A-Za-z][_A-Za-z0-9]*\\)\$/\\1 \\2\\3 \\3/p'\''"'
lt_lt_cv_sys_global_symbol_to_c_name_address='"sed -n -e '\''s/^: \\([^ ]*\\) \$/  {\\\"\\1\\\", (lt_ptr) 0},/p'\'' -e '\''s/^[BCDEGRST] \\([^ ]*\\) \\([^ ]*\\)\$/  {\"\\2\", (lt_ptr) \\&\\2},/p'\''"'
lt_lt_cv_sys_global_symbol_to_cdecl='"sed -n -e '\''s/^. .* \\(.*\\)\$/extern int \\1;/p'\''"'

## ----------------- ##
## Output variables. ##
## ----------------- ##

ACLOCAL='${SHELL} /home/loki/svn/phat/missing --run aclocal-1.9'
AMDEPBACKSLASH='\'
AMDEP_FALSE='#'
AMDEP_TRUE=''
AMTAR='${SHELL} /home/loki/svn/phat/missing --run tar'
AR='ar'
AUTOCONF='${SHELL} /home/loki/svn/phat/missing --run autoconf'
AUTOHEADER='${SHELL} /home/loki/svn/phat/missing --run autoheader'
AUTOMAKE='${SHELL} /home/loki/svn/phat/missing --run automake-1.9'
AWK='gawk'
CC='gcc'
CCDEPMODE='depmode=gcc3'
CFLAGS='-O3 -I/usr/include/gtk-2.0 -I/usr/lib64/gtk-2.0/include -I/usr/include/atk-1.0 -I/usr/include/cairo -I/usr/include/pango-1.0 -I/usr/include/glib-2.0 -I/usr/lib64/glib-2.0/include   -I/usr/include/libgnomecanvas-2.0 -I/usr/include/libart-2.0 -I/usr/include/pango-1.0 -I/usr/include/freetype2 -I/usr/include/gtk-2.0 -I/usr/include/glib-2.0 -I/usr/lib64/glib-2.0/include -I/usr/lib64/gtk-2.0/include -I/usr/include/atk-1.0 -I/usr/include/cairo   -Wall -Werror'
CPP='gcc -E'
CPPFLAGS=''
CXX='g++'
CXXCPP='g++ -E'
CXXDEPMODE='depmode=gcc3'
CXXFLAGS='-march=athlon64 -mtune=athlon64 -msse2 -mfpmath=sse -O3 -ftree-vectorize'
CYGPATH_W='echo'
DEFS='-DHAVE_CONFIG_H'
DEPDIR='.deps'
ECHO='echo'
ECHO_C=''
ECHO_N='-n'
ECHO_T=''
EGREP='grep -E'
ENABLE_GTK_DOC_FALSE='#'
ENABLE_GTK_DOC_TRUE=''
EXEEXT=''
F77=''
FFLAGS=''
GTK_CFLAGS='-I/usr/include/gtk-2.0 -I/usr/lib64/gtk-2.0/include -I/usr/include/atk-1.0 -I/usr/include/cairo -I/usr/include/pango-1.0 -I/usr/include/glib-2.0 -I/usr/lib64/glib-2.0/include  '
GTK_LIBS='-L/usr/X11R6/lib64 -lgtk-x11-2.0 -lgdk-x11-2.0 -latk-1.0 -lgdk_pixbuf-2.0 -lpangocairo-1.0 -lpango-1.0 -lcairo -lgobject-2.0 -lgmodule-2.0 -ldl -lglib-2.0 -lfreetype -lfontconfig -lXrender -lX11 -lXext -lpng12 -lz -lm  '
HTML_DIR='${datadir}/gtk-doc/html'
INSTALL_DATA='${INSTALL} -m 644'
INSTALL_PROGRAM='${INSTALL}'
INSTALL_SCRIPT='${INSTALL}'
INSTALL_STRIP_PROGRAM='${SHELL} $(install_sh) -c -s'
LDFLAGS=''
LIBOBJS=''
LIBS=' -L/usr/X11R6/lib64 -lgtk-x11-2.0 -lgdk-x11-2.0 -latk-1.0 -lgdk_pixbuf-2.0 -lpangocairo-1.0 -lpango-1.0 -lcairo -lgobject-2.0 -lgmodule-2.0 -ldl -lglib-2.0 -lfreetype -lfontconfig -lXrender -lX11 -lXext -lpng12 -lz -lm   -L/usr/X11R6/lib64 -lgnomecanvas-2 -lart_lgpl_2 -lpangoft2-1.0 -lgtk-x11-2.0 -lgdk-x11-2.0 -latk-1.0 -lgdk_pixbuf-2.0 -lpangocairo-1.0 -lpango-1.0 -lcairo -lgobject-2.0 -lgmodule-2.0 -ldl -lglib-2.0 -lfreetype -lfontconfig -lXrender -lX11 -lXext -lpng12 -lz -lm  '
LIBTOOL='$(SHELL) $(top_builddir)/libtool'
LN_S='ln -s'
LTLIBOBJS=''
MAKEINFO='${SHELL} /home/loki/svn/phat/missing --run makeinfo'
MISC_CFLAGS='-I/usr/include/libgnomecanvas-2.0 -I/usr/include/libart-2.0 -I/usr/include/pango-1.0 -I/usr/include/freetype2 -I/usr/include/gtk-2.0 -I/usr/include/glib-2.0 -I/usr/lib64/glib-2.0/include -I/usr/lib64/gtk-2.0/include -I/usr/include/atk-1.0 -I/usr/include/cairo  '
MISC_LIBS='-L/usr/X11R6/lib64 -lgnomecanvas-2 -lart_lgpl_2 -lpangoft2-1.0 -lgtk-x11-2.0 -lgdk-x11-2.0 -latk-1.0 -lgdk_pixbuf-2.0 -lpangocairo-1.0 -lpango-1.0 -lcairo -lgobject-2.0 -lgmodule-2.0 -ldl -lglib-2.0 -lfreetype -lfontconfig -lXrender -lX11 -lXext -lpng12 -lz -lm  '
OBJEXT='o'
PACKAGE='phat'
PACKAGE_BUGREPORT=''
PACKAGE_NAME=''
PACKAGE_STRING=''
PACKAGE_TARNAME=''
PACKAGE_VERSION=''
PATH_SEPARATOR=':'
PHAT_VERSION='0.3.1'
PKG_CONFIG='/usr/bin/pkg-config'
RANLIB='ranlib'
SET_MAKE=''
SHELL='/bin/sh'
STRIP='strip'
VERSION='0.3.1'
ac_ct_AR='ar'
ac_ct_CC='gcc'
ac_ct_CXX='g++'
ac_ct_F77=''
ac_ct_RANLIB='ranlib'
ac_ct_STRIP='strip'
am__fastdepCC_FALSE='#'
am__fastdepCC_TRUE=''
am__fastdepCXX_FALSE='#'
am__fastdepCXX_TRUE=''
am__include='include'
am__leading_dot='.'
am__quote=''
am__tar='${AMTAR} chof - "$$tardir"'
am__untar='${AMTAR} xf -'
bindir='${exec_prefix}/bin'
build='x86_64-redhat-linux-gnu'
build_alias=''
build_cpu='x86_64'
build_os='linux-gnu'
build_vendor='redhat'
datadir='${prefix}/share'
exec_prefix='${prefix}'
host='x86_64-redhat-linux-gnu'
host_alias=''
host_cpu='x86_64'
host_os='linux-gnu'
host_vendor='redhat'
includedir='${prefix}/include'
infodir='${prefix}/info'
install_sh='/home/loki/svn/phat/install-sh'
libdir='/usr/lib64'
libexecdir='${exec_prefix}/libexec'
localstatedir='${prefix}/var'
mandir='${prefix}/man'
mkdir_p='mkdir -p --'
oldincludedir='/usr/include'
prefix='/usr'
program_transform_name='s,x,x,'
sbindir='${exec_prefix}/sbin'
sharedstatedir='${prefix}/com'
sysconfdir='${prefix}/etc'
target_alias=''

## ----------- ##
## confdefs.h. ##
## ----------- ##

#define DEBUG 0
#define HAVE_DLFCN_H 1
#define HAVE_GTK2_4 1
#define HAVE_INTTYPES_H 1
#define HAVE_MEMORY_H 1
#define HAVE_STDINT_H 1
#define HAVE_STDLIB_H 1
#define HAVE_STRINGS_H 1
#define HAVE_STRING_H 1
#define HAVE_SYS_STAT_H 1
#define HAVE_SYS_TYPES_H 1
#define HAVE_UNISTD_H 1
#define PACKAGE "phat"
#define PACKAGE_BUGREPORT ""
#define PACKAGE_NAME ""
#define PACKAGE_STRING ""
#define PACKAGE_TARNAME ""
#define PACKAGE_VERSION ""
#define STDC_HEADERS 1
#define VERSION "0.3.1"
#endif
#ifdef __cplusplus
extern "C" void std::exit (int) throw (); using std::exit;

configure: exit 0
